<?xml version="1.0" encoding="UTF-8"?>
<!-- Generated by org.testng.reporters.JUnitReportReporter -->
<testsuite skipped="0" hostname="CH-LT-017" name="com.wallethubfacebook.tests.WalletHubFaceBookPagesTests" tests="1" failures="0" timestamp="20 Aug 2019 07:46:22 GMT" time="78.813" errors="0">
  <testcase name="faceBookStatus" time="78.813" classname="com.wallethubfacebook.tests.WalletHubFaceBookPagesTests"/>
</testsuite> <!-- com.wallethubfacebook.tests.WalletHubFaceBookPagesTests -->
