<?xml version="1.0" encoding="UTF-8"?>
<!-- Generated by org.testng.reporters.JUnitReportReporter -->
<testsuite skipped="0" hostname="CH-LT-017" name="com.wallethub.tests.WalletHubPagesTests" tests="1" failures="0" timestamp="19 Aug 2019 09:43:38 GMT" time="54.863" errors="0">
  <testcase name="walletHub" time="54.863" classname="com.wallethub.tests.WalletHubPagesTests"/>
</testsuite> <!-- com.wallethub.tests.WalletHubPagesTests -->
